<?xml version="1.0" encoding="UTF-8"?>
<!-- Generated by org.testng.reporters.JUnitReportReporter -->
<testsuite skipped="0" hostname="COG-SYS-046" name="test.Logintest" tests="1" failures="0" timestamp="2020-05-25T17:38:52 IST" time="3.059" errors="0">
  <testcase name="test_homepage_appear" time="3.059" classname="test.Logintest"/>
  <system-out/>
</testsuite> <!-- test.Logintest -->
