<?xml version="1.0" encoding="UTF-8"?>
<!-- Generated by org.testng.reporters.JUnitReportReporter -->
<testsuite skipped="1" hostname="COG-SYS-046" name="test.usertest" tests="2" failures="0" timestamp="2020-05-26T15:16:01 IST" time="17.455" errors="0">
  <testcase name="test" time="17.455" classname="test.usertest"/>
  <system-out/>
  <testcase name="validateCreateNewuser" time="0.000" classname="test.usertest">
    <skipped/>
  </testcase> <!-- validateCreateNewuser -->
  <system-out/>
</testsuite> <!-- test.usertest -->
